Flow report for raton
Tue Nov 05 23:19:29 2024
Quartus II 64-Bit Version 13.0.1 Build 232 06/12/2013 Service Pack 1 SJ Web Edition


---------------------
; Table of Contents ;
---------------------
  1. Legal Notice
  2. Flow Summary
  3. Flow Settings
  4. Flow Non-Default Global Settings
  5. Flow Elapsed Time
  6. Flow OS Summary
  7. Flow Log
  8. Flow Messages
  9. Flow Suppressed Messages



----------------
; Legal Notice ;
----------------
Copyright (C) 1991-2013 Altera Corporation
Your use of Altera Corporation's design tools, logic functions 
and other software and tools, and its AMPP partner logic 
functions, and any output files from any of the foregoing 
(including device programming or simulation files), and any 
associated documentation or information are expressly subject 
to the terms and conditions of the Altera Program License 
Subscription Agreement, Altera MegaCore Function License 
Agreement, or other applicable license agreement, including, 
without limitation, that your use is for the sole purpose of 
programming logic devices manufactured by Altera and sold by 
Altera or its authorized distributors.  Please refer to the 
applicable agreement for further details.



+--------------------------------------------------------------------------------------+
; Flow Summary                                                                         ;
+------------------------------------+-------------------------------------------------+
; Flow Status                        ; Successful - Tue Nov 05 23:19:29 2024           ;
; Quartus II 64-Bit Version          ; 13.0.1 Build 232 06/12/2013 SP 1 SJ Web Edition ;
; Revision Name                      ; raton                                           ;
; Top-level Entity Name              ; matriz                                          ;
; Family                             ; Cyclone IV E                                    ;
; Device                             ; EP4CE22F17C6                                    ;
; Timing Models                      ; Final                                           ;
; Total logic elements               ; 1,172 / 22,320 ( 5 % )                          ;
;     Total combinational functions  ; 1,132 / 22,320 ( 5 % )                          ;
;     Dedicated logic registers      ; 260 / 22,320 ( 1 % )                            ;
; Total registers                    ; 260                                             ;
; Total pins                         ; 135 / 154 ( 88 % )                              ;
; Total virtual pins                 ; 0                                               ;
; Total memory bits                  ; 0 / 608,256 ( 0 % )                             ;
; Embedded Multiplier 9-bit elements ; 0 / 132 ( 0 % )                                 ;
; Total PLLs                         ; 1 / 4 ( 25 % )                                  ;
+------------------------------------+-------------------------------------------------+


+-----------------------------------------+
; Flow Settings                           ;
+-------------------+---------------------+
; Option            ; Setting             ;
+-------------------+---------------------+
; Start date & time ; 11/05/2024 23:16:40 ;
; Main task         ; Compilation         ;
; Revision Name     ; raton               ;
+-------------------+---------------------+


+--------------------------------------------------------------------------------------------------------------------------------------------------+
; Flow Non-Default Global Settings                                                                                                                 ;
+-------------------------------------+-------------------------------------------------------------+---------------+-------------+----------------+
; Assignment Name                     ; Value                                                       ; Default Value ; Entity Name ; Section Id     ;
+-------------------------------------+-------------------------------------------------------------+---------------+-------------+----------------+
; COMPILER_SIGNATURE_ID               ; 154239759967022.173085940006820                             ; --            ; --          ; --             ;
; EDA_GENERATE_FUNCTIONAL_NETLIST     ; On                                                          ; --            ; --          ; eda_simulation ;
; EDA_OUTPUT_DATA_FORMAT              ; Verilog Hdl                                                 ; --            ; --          ; eda_simulation ;
; EDA_SIMULATION_TOOL                 ; ModelSim-Altera (Verilog)                                   ; <None>        ; --          ; --             ;
; ENABLE_SIGNALTAP                    ; On                                                          ; --            ; --          ; --             ;
; IP_TOOL_NAME                        ; ALTPLL                                                      ; --            ; --          ; --             ;
; IP_TOOL_VERSION                     ; 13.0                                                        ; --            ; --          ; --             ;
; MAX_CORE_JUNCTION_TEMP              ; 85                                                          ; --            ; --          ; --             ;
; MIN_CORE_JUNCTION_TEMP              ; 0                                                           ; --            ; --          ; --             ;
; MISC_FILE                           ; pll.bsf                                                     ; --            ; --          ; --             ;
; MISC_FILE                           ; pll.cmp                                                     ; --            ; --          ; --             ;
; MISC_FILE                           ; pll.ppf                                                     ; --            ; --          ; --             ;
; PARTITION_COLOR                     ; 16764057                                                    ; --            ; matriz      ; Top            ;
; PARTITION_FITTER_PRESERVATION_LEVEL ; PLACEMENT_AND_ROUTING                                       ; --            ; matriz      ; Top            ;
; PARTITION_NETLIST_TYPE              ; SOURCE                                                      ; --            ; matriz      ; Top            ;
; POWER_BOARD_THERMAL_MODEL           ; None (CONSERVATIVE)                                         ; --            ; --          ; --             ;
; POWER_PRESET_COOLING_SOLUTION       ; 23 MM HEAT SINK WITH 200 LFPM AIRFLOW                       ; --            ; --          ; --             ;
; PROJECT_OUTPUT_DIRECTORY            ; output_files                                                ; --            ; --          ; --             ;
; SLD_FILE                            ; D:/laberinto_completo/laberinto_todo/stp2_auto_stripped.stp ; --            ; --          ; --             ;
; TOP_LEVEL_ENTITY                    ; matriz                                                      ; raton         ; --          ; --             ;
; USE_SIGNALTAP_FILE                  ; stp2.stp                                                    ; --            ; --          ; --             ;
+-------------------------------------+-------------------------------------------------------------+---------------+-------------+----------------+


+-------------------------------------------------------------------------------------------------------------------------------+
; Flow Elapsed Time                                                                                                             ;
+---------------------------+--------------+-------------------------+---------------------+------------------------------------+
; Module Name               ; Elapsed Time ; Average Processors Used ; Peak Virtual Memory ; Total CPU Time (on all processors) ;
+---------------------------+--------------+-------------------------+---------------------+------------------------------------+
; Analysis & Synthesis      ; 00:00:08     ; 1.0                     ; 4647 MB             ; 00:00:05                           ;
; Fitter                    ; 00:00:24     ; 1.0                     ; 4955 MB             ; 00:00:15                           ;
; Assembler                 ; 00:00:02     ; 1.0                     ; 4549 MB             ; 00:00:01                           ;
; TimeQuest Timing Analyzer ; 00:00:05     ; 1.0                     ; 4645 MB             ; 00:00:02                           ;
; EDA Netlist Writer        ; 00:00:00     ; 1.0                     ; 4517 MB             ; 00:00:01                           ;
; EDA Netlist Writer        ; 00:00:01     ; 1.0                     ; 4525 MB             ; 00:00:00                           ;
; EDA Netlist Writer        ; 00:00:01     ; 1.0                     ; 4525 MB             ; 00:00:01                           ;
; Total                     ; 00:00:41     ; --                      ; --                  ; 00:00:25                           ;
+---------------------------+--------------+-------------------------+---------------------+------------------------------------+


+----------------------------------------------------------------------------------------+
; Flow OS Summary                                                                        ;
+---------------------------+------------------+-----------+------------+----------------+
; Module Name               ; Machine Hostname ; OS Name   ; OS Version ; Processor type ;
+---------------------------+------------------+-----------+------------+----------------+
; Analysis & Synthesis      ; DESKTOP-793I7VA  ; Windows 7 ; 6.2        ; x86_64         ;
; Fitter                    ; DESKTOP-793I7VA  ; Windows 7 ; 6.2        ; x86_64         ;
; Assembler                 ; DESKTOP-793I7VA  ; Windows 7 ; 6.2        ; x86_64         ;
; TimeQuest Timing Analyzer ; DESKTOP-793I7VA  ; Windows 7 ; 6.2        ; x86_64         ;
; EDA Netlist Writer        ; DESKTOP-793I7VA  ; Windows 7 ; 6.2        ; x86_64         ;
; EDA Netlist Writer        ; DESKTOP-793I7VA  ; Windows 7 ; 6.2        ; x86_64         ;
; EDA Netlist Writer        ; DESKTOP-793I7VA  ; Windows 7 ; 6.2        ; x86_64         ;
+---------------------------+------------------+-----------+------------+----------------+


------------
; Flow Log ;
------------
quartus_map --read_settings_files=on --write_settings_files=off raton -c raton
quartus_fit --read_settings_files=off --write_settings_files=off raton -c raton
quartus_asm --read_settings_files=off --write_settings_files=off raton -c raton
quartus_sta raton -c raton
quartus_eda --read_settings_files=off --write_settings_files=off raton -c raton
quartus_eda --gen_testbench --check_outputs=on --tool=modelsim_oem --format=verilog raton -c raton --vector_source=D:/laberinto_completo/laberinto_todo_p_simular/simula_SISTEMA.vwf --testbench_file=./simulation/qsim/raton.vt
quartus_eda --functional=on --simulation=on --tool=modelsim_oem --format=verilog raton -c raton



